#
# A fatal error has been detected by the Java Runtime Environment:
#
#  EXCEPTION_ACCESS_VIOLATION (0xc0000005) at pc=0x000000005a79d767, pid=17412, tid=0x0000000000003010
#
# JRE version: OpenJDK Runtime Environment (8.0) (build 1.8.0-adoptopenjdk-_2018_05_19_00_59-b00)
# Java VM: OpenJDK 64-Bit Server VM (25.71-b00 mixed mode windows-amd64 compressed oops)
# Problematic frame:
# V  [jvm.dll+0x1ed767]
#
# Failed to write core dump. Minidumps are not enabled by default on client versions of Windows
#
# If you would like to submit a bug report, please visit:
#   http://bugreport.java.com/bugreport/crash.jsp
#

---------------  T H R E A D  ---------------

Current thread (0x000000001a03c000):  JavaThread "Signal Dispatcher" daemon [_thread_in_vm, id=12304, stack(0x000000001a610000,0x000000001a710000)]

siginfo: ExceptionCode=0xc0000005, writing address 0x000000001a70a500

Registers:
RAX=0x000000001a70a500, RBX=0x0000000000000006, RCX=0x0000000000005000, RDX=0x0000000000000006
RSP=0x000000001a70f500, RBP=0x0000000000000000, RSI=0x000000001a70f500, RDI=0x0000000000000006
R8 =0x0000000000000006, R9 =0x0000000018119730, R10=0x000000001775e7a8, R11=0x000000001a61a150
R12=0x0000000018119730, R13=0x000000001a03c000, R14=0x000000001a70f5c8, R15=0x000000001775e7a8
RIP=0x000000005a79d767, EFLAGS=0x0000000000010206

Top of Stack: (sp=0x000000001a70f500)
0x000000001a70f500:   00000000000003ff 00000001000068d0
0x000000001a70f510:   000000001a03c000 0000000018119730
0x000000001a70f520:   00000000ffffffff 000000005a79e697
0x000000001a70f530:   000000001a70f630 000000001775e7a8
0x000000001a70f540:   000000001a03c000 000000005a64bae3
0x000000001a70f550:   000000001a70f590 000000001a03c000
0x000000001a70f560:   000000001a70f620 000000001a03c000
0x000000001a70f570:   000000001775e7a8 000000001a03c000
0x000000001a70f580:   0000000003113920 000000001a03c000
0x000000001a70f590:   000000001775e7a8 000000001a03c000
0x000000001a70f5a0:   000000001775e7a8 000000001a03c000
0x000000001a70f5b0:   0000000000000001 000000001775e7a8
0x000000001a70f5c0:   000000001a03c000 00000000181191f0
0x000000001a70f5d0:   000000001a03c000 000000005a64d24d
0x000000001a70f5e0:   000000001a70f9d8 00000001000068d0
0x000000001a70f5f0:   00000001000068d0 0000000000000aaa 

Instructions: (pc=0x000000005a79d767)
0x000000005a79d747:   48 89 6c 24 30 33 ed 66 90 e8 db ce 07 00 ff c3
0x000000005a79d757:   48 63 c8 48 8b c6 48 0f af cf 48 ff c7 48 2b c1
0x000000005a79d767:   89 28 48 63 c3 48 3b 05 c5 ae 57 00 7e db 48 8b
0x000000005a79d777:   6c 24 30 48 8b 5c 24 38 48 8b 74 24 40 48 83 c4 


Register to memory mapping:

RAX=0x000000001a70a500 is pointing into the stack for thread: 0x000000001a03c000
RBX=0x0000000000000006 is an unknown value
RCX=0x0000000000005000 is an unknown value
RDX=0x0000000000000006 is an unknown value
RSP=0x000000001a70f500 is pointing into the stack for thread: 0x000000001a03c000
RBP=0x0000000000000000 is an unknown value
RSI=0x000000001a70f500 is pointing into the stack for thread: 0x000000001a03c000
RDI=0x0000000000000006 is an unknown value
R8 =0x0000000000000006 is an unknown value
R9 =0x0000000018119730 is an unknown value
R10={method} {0x000000001775e7b0} 'exit' '()V' in 'java/lang/Thread'
R11=0x000000001a61a150 is pointing into the stack for thread: 0x000000001a03c000
R12=0x0000000018119730 is an unknown value
R13=0x000000001a03c000 is a thread
R14=0x000000001a70f5c8 is pointing into the stack for thread: 0x000000001a03c000
R15={method} {0x000000001775e7b0} 'exit' '()V' in 'java/lang/Thread'


Stack: [0x000000001a610000,0x000000001a710000],  sp=0x000000001a70f500,  free space=1021k
Native frames: (J=compiled Java code, j=interpreted, Vv=VM code, C=native code)


---------------  P R O C E S S  ---------------

Java Threads: ( => current thread )
  0x000000001a097800 JavaThread "Service Thread" daemon [_thread_blocked, id=3828, stack(0x000000001ac10000,0x000000001ad10000)]
  0x000000001a050800 JavaThread "C1 CompilerThread3" daemon [_thread_blocked, id=21844, stack(0x000000001ab10000,0x000000001ac10000)]
  0x000000001a049800 JavaThread "C2 CompilerThread2" daemon [_thread_blocked, id=1072, stack(0x000000001aa10000,0x000000001ab10000)]
  0x000000001a040800 JavaThread "C2 CompilerThread1" daemon [_thread_blocked, id=26008, stack(0x000000001a910000,0x000000001aa10000)]
  0x000000001a03e800 JavaThread "C2 CompilerThread0" daemon [_thread_blocked, id=26004, stack(0x000000001a810000,0x000000001a910000)]
  0x000000001a03d000 JavaThread "Attach Listener" daemon [_thread_blocked, id=7124, stack(0x000000001a710000,0x000000001a810000)]
=>0x000000001a03c000 JavaThread "Signal Dispatcher" daemon [_thread_in_vm, id=12304, stack(0x000000001a610000,0x000000001a710000)]
  0x000000001a030800 JavaThread "Finalizer" daemon [_thread_blocked, id=9916, stack(0x000000001a410000,0x000000001a510000)]
  0x00000000030f9000 JavaThread "Reference Handler" daemon [_thread_blocked, id=11088, stack(0x0000000019f10000,0x000000001a010000)]
  0x0000000003002800 JavaThread "main" [_thread_blocked, id=8000, stack(0x0000000002e10000,0x0000000002f10000)]

Other Threads:
  0x0000000018118800 VMThread [stack: 0x0000000019e10000,0x0000000019f10000] [id=17568]

VM state:synchronizing (normal execution)

VM Mutex/Monitor currently owned by a thread:  ([mutex/lock_event])
[0x0000000002ffdb30] Threads_lock - owner thread: 0x0000000018118800

Heap:
 PSYoungGen      total 38400K, used 18248K [0x00000000d5800000, 0x00000000d8280000, 0x0000000100000000)
  eden space 33280K, 43% used [0x00000000d5800000,0x00000000d6632ea8,0x00000000d7880000)
  from space 5120K, 72% used [0x00000000d7d80000,0x00000000d811f3d8,0x00000000d8280000)
  to   space 5120K, 0% used [0x00000000d7880000,0x00000000d7880000,0x00000000d7d80000)
 ParOldGen       total 87552K, used 147K [0x0000000080800000, 0x0000000085d80000, 0x00000000d5800000)
  object space 87552K, 0% used [0x0000000080800000,0x0000000080824e98,0x0000000085d80000)
 Metaspace       used 11318K, capacity 11590K, committed 11904K, reserved 1060864K
  class space    used 1517K, capacity 1627K, committed 1664K, reserved 1048576K

Card table byte_map: [0x00000000124c0000,0x00000000128c0000] byte_map_base: 0x00000000120bc000

Marking Bits: (ParMarkBitMap*) 0x000000005ad7be50
 Begin Bits: [0x0000000013370000, 0x0000000015350000)
 End Bits:   [0x0000000015350000, 0x0000000017330000)

Polling page: 0x00000000016c0000

CodeCache: size=245760Kb used=4218Kb max_used=4221Kb free=241541Kb
 bounds [0x0000000003100000, 0x0000000003530000, 0x0000000012100000]
 total_blobs=1496 nmethods=1138 adapters=272
 compilation: enabled

Compilation events (10 events):
Event: 3.284 Thread 0x000000001a050800 1134       3       sun.reflect.ClassFileAssembler::emitConstantPoolUTF8 (50 bytes)
Event: 3.285 Thread 0x000000001a050800 nmethod 1134 0x0000000003520190 code [0x0000000003520380, 0x0000000003520a08]
Event: 3.285 Thread 0x000000001a050800 1135       3       sun.reflect.UTF8::utf8Length (81 bytes)
Event: 3.285 Thread 0x000000001a050800 nmethod 1135 0x000000000351f710 code [0x000000000351f8c0, 0x000000000351ff08]
Event: 3.285 Thread 0x000000001a050800 1136       3       sun.reflect.ByteVectorImpl::getLength (7 bytes)
Event: 3.285 Thread 0x000000001a050800 nmethod 1136 0x000000000351f410 code [0x000000000351f560, 0x000000000351f6b0]
Event: 3.583 Thread 0x000000001a050800 1137       1       java.util.concurrent.locks.AbstractOwnableSynchronizer::getExclusiveOwnerThread (5 bytes)
Event: 3.584 Thread 0x000000001a050800 nmethod 1137 0x000000000351f150 code [0x000000000351f2a0, 0x000000000351f3b0]
Event: 3.584 Thread 0x000000001a050800 1138       3       java.util.concurrent.locks.AbstractOwnableSynchronizer::setExclusiveOwnerThread (6 bytes)
Event: 3.584 Thread 0x000000001a050800 nmethod 1138 0x000000000351ee10 code [0x000000000351ef60, 0x000000000351f0d0]

GC Heap History (4 events):
Event: 1.258 GC heap before
{Heap before GC invocations=1 (full 0):
 PSYoungGen      total 38400K, used 33280K [0x00000000d5800000, 0x00000000d8280000, 0x0000000100000000)
  eden space 33280K, 100% used [0x00000000d5800000,0x00000000d7880000,0x00000000d7880000)
  from space 5120K, 0% used [0x00000000d7d80000,0x00000000d7d80000,0x00000000d8280000)
  to   space 5120K, 0% used [0x00000000d7880000,0x00000000d7880000,0x00000000d7d80000)
 ParOldGen       total 87552K, used 0K [0x0000000080800000, 0x0000000085d80000, 0x00000000d5800000)
  object space 87552K, 0% used [0x0000000080800000,0x0000000080800000,0x0000000085d80000)
 Metaspace       used 8277K, capacity 8486K, committed 8704K, reserved 1056768K
  class space    used 1088K, capacity 1189K, committed 1280K, reserved 1048576K
Event: 1.272 GC heap after
Heap after GC invocations=1 (full 0):
 PSYoungGen      total 38400K, used 5102K [0x00000000d5800000, 0x00000000d8280000, 0x0000000100000000)
  eden space 33280K, 0% used [0x00000000d5800000,0x00000000d5800000,0x00000000d7880000)
  from space 5120K, 99% used [0x00000000d7880000,0x00000000d7d7bb40,0x00000000d7d80000)
  to   space 5120K, 0% used [0x00000000d7d80000,0x00000000d7d80000,0x00000000d8280000)
 ParOldGen       total 87552K, used 139K [0x0000000080800000, 0x0000000085d80000, 0x00000000d5800000)
  object space 87552K, 0% used [0x0000000080800000,0x0000000080822e98,0x0000000085d80000)
 Metaspace       used 8277K, capacity 8486K, committed 8704K, reserved 1056768K
  class space    used 1088K, capacity 1189K, committed 1280K, reserved 1048576K
}
Event: 2.090 GC heap before
{Heap before GC invocations=2 (full 0):
 PSYoungGen      total 38400K, used 38382K [0x00000000d5800000, 0x00000000d8280000, 0x0000000100000000)
  eden space 33280K, 100% used [0x00000000d5800000,0x00000000d7880000,0x00000000d7880000)
  from space 5120K, 99% used [0x00000000d7880000,0x00000000d7d7bb40,0x00000000d7d80000)
  to   space 5120K, 0% used [0x00000000d7d80000,0x00000000d7d80000,0x00000000d8280000)
 ParOldGen       total 87552K, used 139K [0x0000000080800000, 0x0000000085d80000, 0x00000000d5800000)
  object space 87552K, 0% used [0x0000000080800000,0x0000000080822e98,0x0000000085d80000)
 Metaspace       used 8631K, capacity 8926K, committed 9216K, reserved 1056768K
  class space    used 1139K, capacity 1229K, committed 1280K, reserved 1048576K
Event: 2.095 GC heap after
Heap after GC invocations=2 (full 0):
 PSYoungGen      total 38400K, used 3708K [0x00000000d5800000, 0x00000000d8280000, 0x0000000100000000)
  eden space 33280K, 0% used [0x00000000d5800000,0x00000000d5800000,0x00000000d7880000)
  from space 5120K, 72% used [0x00000000d7d80000,0x00000000d811f3d8,0x00000000d8280000)
  to   space 5120K, 0% used [0x00000000d7880000,0x00000000d7880000,0x00000000d7d80000)
 ParOldGen       total 87552K, used 147K [0x0000000080800000, 0x0000000085d80000, 0x00000000d5800000)
  object space 87552K, 0% used [0x0000000080800000,0x0000000080824e98,0x0000000085d80000)
 Metaspace       used 8631K, capacity 8926K, committed 9216K, reserved 1056768K
  class space    used 1139K, capacity 1229K, committed 1280K, reserved 1048576K
}

Deoptimization events (10 events):
Event: 1.974 Thread 0x0000000003002800 Uncommon trap: reason=bimorphic action=maybe_recompile pc=0x000000000344ef0c method=java.util.HashMap.putVal(ILjava/lang/Object;Ljava/lang/Object;ZZ)Ljava/lang/Object; @ 91
Event: 1.974 Thread 0x0000000003002800 Uncommon trap: reason=bimorphic action=maybe_recompile pc=0x000000000344ef0c method=java.util.HashMap.putVal(ILjava/lang/Object;Ljava/lang/Object;ZZ)Ljava/lang/Object; @ 91
Event: 1.975 Thread 0x0000000003002800 Uncommon trap: reason=bimorphic action=maybe_recompile pc=0x000000000344ef0c method=java.util.HashMap.putVal(ILjava/lang/Object;Ljava/lang/Object;ZZ)Ljava/lang/Object; @ 91
Event: 1.981 Thread 0x0000000003002800 Uncommon trap: reason=bimorphic action=maybe_recompile pc=0x00000000033dd004 method=java.util.HashMap.putVal(ILjava/lang/Object;Ljava/lang/Object;ZZ)Ljava/lang/Object; @ 91
Event: 1.982 Thread 0x0000000003002800 Uncommon trap: reason=bimorphic action=maybe_recompile pc=0x00000000033cf600 method=java.util.HashMap.putVal(ILjava/lang/Object;Ljava/lang/Object;ZZ)Ljava/lang/Object; @ 91
Event: 2.191 Thread 0x0000000003002800 Uncommon trap: reason=unstable_if action=reinterpret pc=0x00000000034cecd4 method=java.util.HashMap.getNode(ILjava/lang/Object;)Ljava/util/HashMap$Node; @ 129
Event: 2.191 Thread 0x0000000003002800 Uncommon trap: reason=bimorphic action=maybe_recompile pc=0x00000000034bb880 method=java.util.HashMap.putVal(ILjava/lang/Object;Ljava/lang/Object;ZZ)Ljava/lang/Object; @ 203
Event: 2.415 Thread 0x0000000003002800 Uncommon trap: reason=unstable_if action=reinterpret pc=0x0000000003411678 method=java.io.WinNTFileSystem.normalize(Ljava/lang/String;)Ljava/lang/String; @ 128
Event: 2.415 Thread 0x0000000003002800 Uncommon trap: reason=unstable_if action=reinterpret pc=0x00000000034a0a8c method=java.io.WinNTFileSystem.normalize(Ljava/lang/String;II)Ljava/lang/String; @ 90
Event: 3.276 Thread 0x0000000003002800 Uncommon trap: reason=unstable_if action=reinterpret pc=0x00000000034e6e74 method=java.util.concurrent.ConcurrentHashMap.putVal(Ljava/lang/Object;Ljava/lang/Object;Z)Ljava/lang/Object; @ 206

Classes redefined (0 events):
No events

Internal exceptions (10 events):
Event: 1.127 Thread 0x0000000003002800 Exception <a 'java/lang/ArrayIndexOutOfBoundsException'> (0x00000000d722d4f8) thrown at [C:\Users\jenkins\workspace\openjdk8_build_x86-64_windows\openjdk\hotspot\src\share\vm\runtime\sharedRuntime.cpp, line 605]
Event: 1.128 Thread 0x0000000003002800 Exception <a 'java/lang/ArrayIndexOutOfBoundsException'> (0x00000000d723a540) thrown at [C:\Users\jenkins\workspace\openjdk8_build_x86-64_windows\openjdk\hotspot\src\share\vm\runtime\sharedRuntime.cpp, line 605]
Event: 1.128 Thread 0x0000000003002800 Exception <a 'java/lang/ArrayIndexOutOfBoundsException'> (0x00000000d723c7d8) thrown at [C:\Users\jenkins\workspace\openjdk8_build_x86-64_windows\openjdk\hotspot\src\share\vm\runtime\sharedRuntime.cpp, line 605]
Event: 1.129 Thread 0x0000000003002800 Exception <a 'java/lang/ArrayIndexOutOfBoundsException'> (0x00000000d72466d0) thrown at [C:\Users\jenkins\workspace\openjdk8_build_x86-64_windows\openjdk\hotspot\src\share\vm\runtime\sharedRuntime.cpp, line 605]
Event: 1.129 Thread 0x0000000003002800 Exception <a 'java/lang/ArrayIndexOutOfBoundsException'> (0x00000000d72484a0) thrown at [C:\Users\jenkins\workspace\openjdk8_build_x86-64_windows\openjdk\hotspot\src\share\vm\runtime\sharedRuntime.cpp, line 605]
Event: 2.055 Thread 0x0000000003002800 Exception <a 'java/lang/ArrayIndexOutOfBoundsException'> (0x00000000d7512f28) thrown at [C:\Users\jenkins\workspace\openjdk8_build_x86-64_windows\openjdk\hotspot\src\share\vm\runtime\sharedRuntime.cpp, line 605]
Event: 2.136 Thread 0x0000000003002800 Exception <a 'java/lang/NoClassDefFoundError': org/slf4j/impl/StaticMarkerBinder> (0x00000000d5d36970) thrown at [C:\Users\jenkins\workspace\openjdk8_build_x86-64_windows\openjdk\hotspot\src\share\vm\classfile\systemDictionary.cpp, line 199]
Event: 3.281 Thread 0x0000000003002800 Exception <a 'java/lang/NoSuchMethodError': <clinit>> (0x00000000d65b4188) thrown at [C:\Users\jenkins\workspace\openjdk8_build_x86-64_windows\openjdk\hotspot\src\share\vm\prims\jni.cpp, line 1613]
Event: 3.282 Thread 0x0000000003002800 Exception <a 'java/lang/NoSuchMethodError': <clinit>> (0x00000000d65b5628) thrown at [C:\Users\jenkins\workspace\openjdk8_build_x86-64_windows\openjdk\hotspot\src\share\vm\prims\jni.cpp, line 1613]
Event: 3.286 Thread 0x0000000003002800 Exception <a 'java/lang/NoSuchMethodError': <clinit>> (0x00000000d65bdb40) thrown at [C:\Users\jenkins\workspace\openjdk8_build_x86-64_windows\openjdk\hotspot\src\share\vm\prims\jni.cpp, line 1613]

Events (10 events):
Event: 3.584 Thread 0x000000001b6af000 Thread exited: 0x000000001b6af000
Event: 3.584 loading class java/util/IdentityHashMap$KeySet
Event: 3.585 loading class java/util/IdentityHashMap$KeySet done
Event: 3.585 loading class java/util/IdentityHashMap$KeyIterator
Event: 3.585 loading class java/util/IdentityHashMap$IdentityHashMapIterator
Event: 3.587 loading class java/util/IdentityHashMap$IdentityHashMapIterator done
Event: 3.587 loading class java/util/IdentityHashMap$KeyIterator done
Event: 3.587 Thread 0x000000001b6af000 Thread added: 0x000000001b6af000
Event: 3.587 Thread 0x000000001b6af000 Thread exited: 0x000000001b6af000
Event: 3.587 Executing VM operation: Exit


Dynamic libraries:
0x00007ff7cd650000 - 0x00007ff7cd685000 	C:\Program Files\Unity\Hub\Editor\2019.3.6f1\Editor\Data\PlaybackEngines\AndroidPlayer\OpenJDK\bin\java.exe
0x00007fffdb4a0000 - 0x00007fffdb690000 	C:\WINDOWS\SYSTEM32\ntdll.dll
0x00007fffda9e0000 - 0x00007fffdaa92000 	C:\WINDOWS\System32\KERNEL32.DLL
0x00007fffd8ce0000 - 0x00007fffd8f83000 	C:\WINDOWS\System32\KERNELBASE.dll
0x00007fffd9c70000 - 0x00007fffd9d13000 	C:\WINDOWS\System32\ADVAPI32.dll
0x00007fffdb180000 - 0x00007fffdb21e000 	C:\WINDOWS\System32\msvcrt.dll
0x00007fffdb0e0000 - 0x00007fffdb177000 	C:\WINDOWS\System32\sechost.dll
0x00007fffd9580000 - 0x00007fffd96a0000 	C:\WINDOWS\System32\RPCRT4.dll
0x00007fffdaaa0000 - 0x00007fffdac34000 	C:\WINDOWS\System32\USER32.dll
0x00007fffd90b0000 - 0x00007fffd90d1000 	C:\WINDOWS\System32\win32u.dll
0x00007fffd9550000 - 0x00007fffd9576000 	C:\WINDOWS\System32\GDI32.dll
0x00007fffd9180000 - 0x00007fffd9314000 	C:\WINDOWS\System32\gdi32full.dll
0x00007fffd90e0000 - 0x00007fffd917e000 	C:\WINDOWS\System32\msvcp_win.dll
0x00007fffd8f90000 - 0x00007fffd908a000 	C:\WINDOWS\System32\ucrtbase.dll
0x00007fffc42a0000 - 0x00007fffc4525000 	C:\WINDOWS\WinSxS\amd64_microsoft.windows.common-controls_6595b64144ccf1df_6.0.18362.778_none_e6c6b761130d4fb8\COMCTL32.dll
0x00007fffd9eb0000 - 0x00007fffda1e6000 	C:\WINDOWS\System32\combase.dll
0x00007fffd8430000 - 0x00007fffd84b0000 	C:\WINDOWS\System32\bcryptPrimitives.dll
0x00007fffdb220000 - 0x00007fffdb24e000 	C:\WINDOWS\System32\IMM32.DLL
0x000000005ae00000 - 0x000000005aed2000 	C:\Program Files\Unity\Hub\Editor\2019.3.6f1\Editor\Data\PlaybackEngines\AndroidPlayer\OpenJDK\jre\bin\msvcr100.dll
0x000000005a5b0000 - 0x000000005adf9000 	C:\Program Files\Unity\Hub\Editor\2019.3.6f1\Editor\Data\PlaybackEngines\AndroidPlayer\OpenJDK\jre\bin\server\jvm.dll
0x00007fffda9d0000 - 0x00007fffda9d8000 	C:\WINDOWS\System32\PSAPI.DLL
0x00007fffd38d0000 - 0x00007fffd38d9000 	C:\WINDOWS\SYSTEM32\WSOCK32.dll
0x00007fffd4620000 - 0x00007fffd4644000 	C:\WINDOWS\SYSTEM32\WINMM.dll
0x00007fffd1d60000 - 0x00007fffd1d6a000 	C:\WINDOWS\SYSTEM32\VERSION.dll
0x00007fffdae30000 - 0x00007fffdae9f000 	C:\WINDOWS\System32\WS2_32.dll
0x00007fffd45e0000 - 0x00007fffd460d000 	C:\WINDOWS\SYSTEM32\winmmbase.dll
0x00007fffd9350000 - 0x00007fffd939a000 	C:\WINDOWS\System32\cfgmgr32.dll
0x00007fffd38c0000 - 0x00007fffd38cf000 	C:\Program Files\Unity\Hub\Editor\2019.3.6f1\Editor\Data\PlaybackEngines\AndroidPlayer\OpenJDK\jre\bin\verify.dll
0x00007fffccac0000 - 0x00007fffccae9000 	C:\Program Files\Unity\Hub\Editor\2019.3.6f1\Editor\Data\PlaybackEngines\AndroidPlayer\OpenJDK\jre\bin\java.dll
0x00007fffd38a0000 - 0x00007fffd38b6000 	C:\Program Files\Unity\Hub\Editor\2019.3.6f1\Editor\Data\PlaybackEngines\AndroidPlayer\OpenJDK\jre\bin\zip.dll
0x00007fffda2d0000 - 0x00007fffda9b5000 	C:\WINDOWS\System32\SHELL32.dll
0x00007fffd9e00000 - 0x00007fffd9ea9000 	C:\WINDOWS\System32\shcore.dll
0x00007fffd8560000 - 0x00007fffd8ce0000 	C:\WINDOWS\System32\windows.storage.dll
0x00007fffd8400000 - 0x00007fffd8423000 	C:\WINDOWS\System32\profapi.dll
0x00007fffd83b0000 - 0x00007fffd83fa000 	C:\WINDOWS\System32\powrprof.dll
0x00007fffd8360000 - 0x00007fffd8370000 	C:\WINDOWS\System32\UMPDC.dll
0x00007fffda270000 - 0x00007fffda2c2000 	C:\WINDOWS\System32\shlwapi.dll
0x00007fffd8370000 - 0x00007fffd8381000 	C:\WINDOWS\System32\kernel.appcore.dll
0x00007fffd9090000 - 0x00007fffd90a7000 	C:\WINDOWS\System32\cryptsp.dll
0x00007fffb3a50000 - 0x00007fffb3a6a000 	C:\Program Files\Unity\Hub\Editor\2019.3.6f1\Editor\Data\PlaybackEngines\AndroidPlayer\OpenJDK\jre\bin\net.dll
0x00007fffd7b70000 - 0x00007fffd7bd7000 	C:\WINDOWS\system32\mswsock.dll
0x00007fffa9e20000 - 0x00007fffa9e31000 	C:\Program Files\Unity\Hub\Editor\2019.3.6f1\Editor\Data\PlaybackEngines\AndroidPlayer\OpenJDK\jre\bin\nio.dll
0x00007fffa9e00000 - 0x00007fffa9e1e000 	C:\Users\Mark\.gradle\native\25\windows-amd64\native-platform.dll
0x00007fffa9dd0000 - 0x00007fffa9ddd000 	C:\Program Files\Unity\Hub\Editor\2019.3.6f1\Editor\Data\PlaybackEngines\AndroidPlayer\OpenJDK\jre\bin\management.dll
0x00007fffd7880000 - 0x00007fffd78ba000 	C:\WINDOWS\SYSTEM32\IPHLPAPI.DLL
0x00007fffdaec0000 - 0x00007fffdaec8000 	C:\WINDOWS\System32\NSI.dll
0x00007fffd21a0000 - 0x00007fffd21b6000 	C:\WINDOWS\SYSTEM32\dhcpcsvc6.DLL
0x00007fffd2100000 - 0x00007fffd211c000 	C:\WINDOWS\SYSTEM32\dhcpcsvc.DLL
0x00007fffd78c0000 - 0x00007fffd798a000 	C:\WINDOWS\SYSTEM32\DNSAPI.dll
0x00007fffd76e0000 - 0x00007fffd7713000 	C:\WINDOWS\system32\rsaenh.dll
0x00007fffd9320000 - 0x00007fffd9346000 	C:\WINDOWS\System32\bcrypt.dll
0x00007fffd8250000 - 0x00007fffd8275000 	C:\WINDOWS\SYSTEM32\USERENV.dll
0x00007fffd7d40000 - 0x00007fffd7d4c000 	C:\WINDOWS\SYSTEM32\CRYPTBASE.dll

VM Arguments:
java_command: org.gradle.launcher.GradleMain -Dorg.gradle.jvmargs=-Xmx4096m --stop
java_class_path (initial): C:\Program Files\Unity\Hub\Editor\2019.3.6f1\Editor\Data\PlaybackEngines\AndroidPlayer\Tools\gradle\lib\gradle-launcher-5.1.1.jar
Launcher Type: SUN_STANDARD

Environment Variables:
JAVA_HOME=C:/Program Files/Unity/Hub/Editor/2019.3.6f1/Editor/Data/PlaybackEngines/AndroidPlayer\OpenJDK
USERNAME=Mark
OS=Windows_NT
PROCESSOR_IDENTIFIER=Intel64 Family 6 Model 58 Stepping 9, GenuineIntel



---------------  S Y S T E M  ---------------

OS: Windows 10.0 , 64 bit Build 18362 (10.0.18362.778)

CPU:total 8 (initial active 8) (4 cores per cpu, 2 threads per core) family 6 model 58 stepping 9, cmov, cx8, fxsr, mmx, sse, sse2, sse3, ssse3, sse4.1, sse4.2, popcnt, avx, aes, clmul, erms, ht, tsc, tscinvbit, tscinv

Memory: 4k page, physical 8352652k(588004k free), swap 24736652k(5456k free)

vm_info: OpenJDK 64-Bit Server VM (25.71-b00) for windows-amd64 JRE (1.8.0-adoptopenjdk-_2018_05_19_00_59-b00), built on May 19 2018 01:02:12 by "jenkins" with MS VC++ 10.0 (VS2010)

time: Fri May 01 12:37:04 2020
elapsed time: 3 seconds (0d 0h 0m 3s)

